/Library/Developer/CommandLineTools/usr/bin/make reset
docker compose -f docker-compose-init.yaml down
docker compose -f docker-compose-set3.yml down
time="2025-12-09T17:34:24+09:00" level=warning msg="The \"PRYSM_PEERS_3\" variable is not set. Defaulting to a blank string."
 Container validator-3  Stopping
 Container validator-3  Stopped
 Container validator-3  Removing
 Container validator-3  Removed
 Container prysm-3  Stopping
 Container prysm-3  Stopped
 Container prysm-3  Removing
 Container prysm-3  Removed
 Container geth-3  Stopping
 Container geth-3  Stopped
 Container geth-3  Removing
 Container geth-3  Removed
 Network devnet_default  Removing
 Network devnet_default  Resource is still in use
docker compose -f docker-compose-set2.yml down
time="2025-12-09T17:34:26+09:00" level=warning msg="The \"PRYSM_PEERS_2\" variable is not set. Defaulting to a blank string."
 Container validator-2  Stopping
 Container validator-2  Stopped
 Container validator-2  Removing
 Container validator-2  Removed
 Container prysm-2  Stopping
 Container prysm-2  Stopped
 Container prysm-2  Removing
 Container prysm-2  Removed
 Container geth-2  Stopping
 Container geth-2  Stopped
 Container geth-2  Removing
 Container geth-2  Removed
 Network devnet_default  Removing
 Network devnet_default  Resource is still in use
docker compose -f docker-compose-set1.yml down
time="2025-12-09T17:34:27+09:00" level=warning msg="The \"PRYSM_PEERS_1\" variable is not set. Defaulting to a blank string."
 Container validator-1  Stopping
 Container validator-1  Stopped
 Container validator-1  Removing
 Container validator-1  Removed
 Container prysm-1  Stopping
 Container prysm-1  Stopped
 Container prysm-1  Removing
 Container prysm-1  Removed
 Container geth-1  Stopping
 Container geth-1  Stopped
 Container geth-1  Removing
 Container geth-1  Removed
 Network devnet_default  Removing
 Network devnet_default  Removed
rm -Rf ./data && sleep 1
sed -i '' '/^PRYSM_BOOTSTRAP_ENR/d' .env || true
sed -i '' '/^PRYSM_PEERS_/d' .env || true
node ./scripts/genesis-fund-workers.mjs
Wrote 300 GENESIS_BALANCE_ entries to /Users/tozawa/eth-pos-devnet/.env
Example: GENESIS_BALANCE_0x7e5f4552091a69125d5dfcb7b8c2659029395bdf=100000000000000000000000
/Library/Developer/CommandLineTools/usr/bin/make init
docker compose -f docker-compose-init.yaml up && docker compose -f docker-compose-init.yaml down
 Network devnet-genesis_default  Creating
 Network devnet-genesis_default  Created
 Container devnet-genesis-custom-geth-genesis-1  Creating
 Container devnet-genesis-custom-geth-genesis-1  Created
 Container devnet-genesis-create-beacon-chain-genesis-1  Creating
 Container devnet-genesis-create-beacon-chain-genesis-1  Created
 Container devnet-genesis-init-geth-genesis-1  Creating
 Container devnet-genesis-init-geth-genesis-2-1  Creating
 Container devnet-genesis-init-geth-genesis-3-1  Creating
 Container devnet-genesis-init-geth-genesis-1  Created
 Container devnet-genesis-init-geth-genesis-3-1  Created
 Container devnet-genesis-init-geth-genesis-2-1  Created
Attaching to create-beacon-chain-genesis-1, custom-geth-genesis-1, init-geth-genesis-1, init-geth-genesis-2-1, init-geth-genesis-3-1
custom-geth-genesis-1  | default funding amount 0xfffffffffffffffffffff
custom-geth-genesis-1  | address 0001aebc06288f578eb01002a99e854ced86bc4f default balance 0xfffffffffffffffffffff
custom-geth-genesis-1  | address 9af70704e9ec5f505cdba564ff4dec03503ddaa2 balance 0x152d02c7e14af6800000 overwrited true
custom-geth-genesis-1  | address f5d122e123d9d7998d2bea685d11b10fec3e4508 balance 0x152d02c7e14af6800000 overwrited true
custom-geth-genesis-1  | address b540c05d9b2516da9596a5ee75d750717a4be035 balance 0x152d02c7e14af6800000 overwrited true
custom-geth-genesis-1  | address 258f4ed0560e290a95066d9dee3628f2f179302b balance 0x152d02c7e14af6800000 overwrited true
custom-geth-genesis-1  | address 0002538c7bb308b5042f279e2c10b466b80797c9 code 0x363d3d373d3d3d363d73bebebebebebebebebebebebebebebebebebebebe5af43d82803e903d91602b57fd5bf3
custom-geth-genesis-1  | address f0218008120201e66b65fce4df9035007e811228 balance 0x152d02c7e14af6800000 overwrited true
custom-geth-genesis-1  | address 4bd1280852cadb002734647305afc1db7ddd6acb balance 0x152d02c7e14af6800000 overwrited true
custom-geth-genesis-1  | address 639acdbd838b81cea8d6a970136812783fa5bf5e balance 0x152d02c7e14af6800000 overwrited true
custom-geth-genesis-1  | address c6dd525848dc78c017d958ee385a81dbd3dd05d1 balance 0x152d02c7e14af6800000 overwrited true
custom-geth-genesis-1  | address 99b52813933a46d95bd4265ea2f674e58827da97 balance 0x152d02c7e14af6800000 overwrited true
custom-geth-genesis-1  | address fe6032a0810e90d025a3a39dd29844f964ee102c balance 0x152d02c7e14af6800000 overwrited true
custom-geth-genesis-1  | address 0002538c7bb308b5042f279e2c10b466b80797c9 nonce 0x1
custom-geth-genesis-1  | address 222c1424ad90a40b505be6df879189668984a9c8 balance 0x152d02c7e14af6800000 overwrited true
custom-geth-genesis-1  | address 63486b70d804464766cfd096bba5552c4bcdac30 balance 0x152d02c7e14af6800000 overwrited true
custom-geth-genesis-1  | address f33d2f7d96f92d912ca8418f9d62eb54c1a9889f balance 0x152d02c7e14af6800000 overwrited true
custom-geth-genesis-1  | address f7205066c153f7c88dc3653ebc72b438884ae109 balance 0x152d02c7e14af6800000 overwrited true
custom-geth-genesis-1  | address 271d65af9a5a7b4cd7af264f251184c2a4b9e7a3 balance 0x152d02c7e14af6800000 overwrited true
custom-geth-genesis-1  | address f9a2c330a19e2fbfeb50fe7a7195b973bb0a3be9 balance 0x152d02c7e14af6800000 overwrited true
custom-geth-genesis-1  | address 32480c2d857941d2fff4e34f0910b20c0f9c23bc balance 0x152d02c7e14af6800000 overwrited true
custom-geth-genesis-1  | address 3bc8287f1d872df4217283b7920d363f13cf39d8 balance 0x152d02c7e14af6800000 overwrited true
custom-geth-genesis-1  | address c375ce036cbcf2ae7a3d73686632d57fc780e2a4 balance 0x152d02c7e14af6800000 overwrited true
custom-geth-genesis-1  | address 417f3b59ef57c641283c2300fae0f27fe98d518c balance 0x152d02c7e14af6800000 overwrited true
custom-geth-genesis-1  | address 0130c3d5e6bb374aca10f0026700c671ae82cd1b balance 0x152d02c7e14af6800000 overwrited true
custom-geth-genesis-1  | address 4a35a802dbd623561040dd50f6293842d0901731 balance 0x152d02c7e14af6800000 overwrited true
custom-geth-genesis-1  | address 25ac70ea6f44c4531a7117ea3620fa29cdaaca48 balance 0x152d02c7e14af6800000 overwrited true
custom-geth-genesis-1  | address 31eb18dd6f5a8064ab750eabb281cf162f43ccd0 balance 0x152d02c7e14af6800000 overwrited true
custom-geth-genesis-1  | address fc5ba3041f750f9b6820ce066c153eb396aac1ff balance 0x152d02c7e14af6800000 overwrited true
custom-geth-genesis-1  | address f65ac7003e905d72c666bfec1dc0960ecc9d0d6e balance 0x152d02c7e14af6800000 overwrited true
custom-geth-genesis-1  | address 14a3788e9f6ff7867096f4ab23bc09bcf27e9e21 balance 0x152d02c7e14af6800000 overwrited true
custom-geth-genesis-1  | address 4f46630115b446f8f7cebe1e5961ef7858c25204 balance 0x152d02c7e14af6800000 overwrited true
custom-geth-genesis-1  | address 9481da7766c043eefeecc9589ee7ade61316b0ff balance 0x152d02c7e14af6800000 overwrited true
custom-geth-genesis-1  | address 88c0e901bd1fd1a77bda342f0d2210fdc71cef6b balance 0x152d02c7e14af6800000 overwrited true
custom-geth-genesis-1  | address 693409a1952aa60a01772c0a1cb8cb8e4fdc2fd3 balance 0x152d02c7e14af6800000 overwrited true
custom-geth-genesis-1  | address d9a284367b6d3e25a91c91b5a430af2593886eb9 balance 0x152d02c7e14af6800000 overwrited true
custom-geth-genesis-1  | address 2a5980cbb8e41450f0fcd88adc657fa656c30e67 balance 0x152d02c7e14af6800000 overwrited true
custom-geth-genesis-1  | address 4ec254ad8a448b2773d816083efc5441a2fc8ea4 balance 0x152d02c7e14af6800000 overwrited true
custom-geth-genesis-1  | address 3bf958fa0626e898f548a8f95cf9ab3a4db65169 balance 0x152d02c7e14af6800000 overwrited true
custom-geth-genesis-1  | address d83d18a2eae2440e272a53f86e617cd9f33c8d68 balance 0x152d02c7e14af6800000 overwrited true
custom-geth-genesis-1  | address 94eae9ae79b6d7883a45d7062df59622e4cd649f balance 0x152d02c7e14af6800000 overwrited true
custom-geth-genesis-1  | address 21289cd01f9f58fc44962b6e213a0fbbd015beb6 balance 0x152d02c7e14af6800000 overwrited true
custom-geth-genesis-1  | address 269c370cb95b63f9b6a7cad47998167f160a2689 balance 0x152d02c7e14af6800000 overwrited true
custom-geth-genesis-1  | address d01c9d93efc83c00b30f768f832182beff65696f balance 0x152d02c7e14af6800000 overwrited true
custom-geth-genesis-1  | address 3bb9557113fbb052dae3008a2801a072c432c018 balance 0x152d02c7e14af6800000 overwrited true
custom-geth-genesis-1  | address 850cc185d6cae4a7fdfb3dd81f977dd1df7d6503 balance 0x152d02c7e14af6800000 overwrited true
custom-geth-genesis-1  | address 839d96957f21e82fbcca0d42a1f12ef6e1cf82e9 balance 0x152d02c7e14af6800000 overwrited true
custom-geth-genesis-1  | address f5d722030d17ca01f2813af9e7be158d7a037997 balance 0x152d02c7e14af6800000 overwrited true
custom-geth-genesis-1  | address 1745ceba112b0a41638e235ec59b35adf37b70ab balance 0x152d02c7e14af6800000 overwrited true
custom-geth-genesis-1  | address 81f58f2194b0413806bf2ce8e1654bc855dc65a1 balance 0x152d02c7e14af6800000 overwrited true
custom-geth-genesis-1  | address dbc23ae43a150ff8884b02cea117b22d1c3b9796 balance 0x152d02c7e14af6800000 overwrited true
custom-geth-genesis-1  | address 9a5279029e9a2d6e787c5a09cb068ab3d45e209d balance 0x152d02c7e14af6800000 overwrited true
custom-geth-genesis-1  | address 9b7bdf6ad17d5fc9a168acaa24495e52a65f3b79 balance 0x152d02c7e14af6800000 overwrited true
custom-geth-genesis-1  | address 3da8d322cb2435da26e9c9fee670f9fb7fe74e49 balance 0x152d02c7e14af6800000 overwrited true
custom-geth-genesis-1  | address 9220625b1a30680387d542e6b5f753786ca5530e balance 0x152d02c7e14af6800000 overwrited true
custom-geth-genesis-1  | address 8df64de79608f0ae9e72ecae3a400582aed8101c balance 0x152d02c7e14af6800000 overwrited true
custom-geth-genesis-1  | address d817d23c981472d703be36da777ffdb1abefd972 balance 0x152d02c7e14af6800000 overwrited true
custom-geth-genesis-1  | address 752481f35bb1d44d786c7b4dbe40db4a4266f96f balance 0x152d02c7e14af6800000 overwrited true
custom-geth-genesis-1  | address 6b09d6433a379752157fd1a9e537c5cae5fa3168 balance 0x152d02c7e14af6800000 overwrited true
custom-geth-genesis-1  | address e8f52e3fc52243040e884899f0bfa82ae893abe3 balance 0x152d02c7e14af6800000 overwrited true
custom-geth-genesis-1  | address 73377d6228266393747efa710017872d6dd5b9a6 balance 0x152d02c7e14af6800000 overwrited true
custom-geth-genesis-1  | address f762854586a40a93d1fdcde32c062829f3754de9 balance 0x152d02c7e14af6800000 overwrited true
custom-geth-genesis-1  | address 7bc23966c419eadcb8a2fc5f83e635c4d4ad0c2f balance 0x152d02c7e14af6800000 overwrited true
custom-geth-genesis-1  | address 0d983f7b842fbd5af50500366ac682cf7408c420 balance 0x152d02c7e14af6800000 overwrited true
custom-geth-genesis-1  | address f7862d105fc6ee69604decc30aa89472ad405961 balance 0x152d02c7e14af6800000 overwrited true
custom-geth-genesis-1  | address 9383e3096133f464d516b518b12851fd10d891f4 balance 0x152d02c7e14af6800000 overwrited true
custom-geth-genesis-1  | address 612b7be154a64292aae070aaa86fcd66ba218071 balance 0x152d02c7e14af6800000 overwrited true
custom-geth-genesis-1  | address 4102d394d723ff141b82ef9a6053fb89f90c67f4 balance 0x152d02c7e14af6800000 overwrited true
custom-geth-genesis-1  | address 69842e12d6f36f9f93f06086b70795bfc7e02745 balance 0x152d02c7e14af6800000 overwrited true
custom-geth-genesis-1  | address cdef6f23a26f960b53468f497967ce74c026af52 balance 0x152d02c7e14af6800000 overwrited true
custom-geth-genesis-1  | address ddf44e34ed40c40624c7b9f20a1030b505a4fac0 balance 0x152d02c7e14af6800000 overwrited true
custom-geth-genesis-1  | address 7492ebbc1e7f2838fc7191edc031581d5712978a balance 0x152d02c7e14af6800000 overwrited true
custom-geth-genesis-1  | address 7b35461cc5adbdc415c1f9562ccc342adbf09bd4 balance 0x152d02c7e14af6800000 overwrited true
custom-geth-genesis-1  | address f6203c4fb14da640d11fbd9573e3958d017e6745 balance 0x152d02c7e14af6800000 overwrited true
custom-geth-genesis-1  | address 0b62d63c314d94dfa85b11a9c652ffe438382d6c balance 0x152d02c7e14af6800000 overwrited true
custom-geth-genesis-1  | address 994907cb80bfd175f9b0b32672cfde0091368e2e balance 0x152d02c7e14af6800000 overwrited true
custom-geth-genesis-1  | address 9967e2c9e7cef7985680697ed5d789b297b47c70 balance 0x152d02c7e14af6800000 overwrited true
custom-geth-genesis-1  | address c328de035c91b39efa07d2fe620813253c9b4ec2 balance 0x152d02c7e14af6800000 overwrited true
custom-geth-genesis-1  | address de521346f9327a4314a18b2cda96b2a33603177a balance 0x152d02c7e14af6800000 overwrited true
custom-geth-genesis-1  | address 05650444ace15a01762bd97ee8fdeb495b3c2436 balance 0x152d02c7e14af6800000 overwrited true
custom-geth-genesis-1  | address b56ed8f48979e1a948ad129199a600d0562cac51 balance 0x152d02c7e14af6800000 overwrited true
custom-geth-genesis-1  | address 138854708d8b603c9b7d4d6e55b6d32d40557f4d balance 0x152d02c7e14af6800000 overwrited true
custom-geth-genesis-1  | address f9807a8719ae154e74591cb2d452797707fadf73 balance 0x152d02c7e14af6800000 overwrited true
custom-geth-genesis-1  | address 8621dd642245df371b584b48c081e8863313a70d balance 0x152d02c7e14af6800000 overwrited true
custom-geth-genesis-1  | address 1715eb68afba4d516ef1e068b55f5093bb4a2f59 balance 0x152d02c7e14af6800000 overwrited true
custom-geth-genesis-1  | address e6ef3a317f91a0a44eb097c8e68b49ccf9e63895 balance 0x152d02c7e14af6800000 overwrited true
custom-geth-genesis-1  | address 68e527780872cda0216ba0d8fbd58b67a5d5e351 balance 0x152d02c7e14af6800000 overwrited true
custom-geth-genesis-1  | address b3087f34edab33a8182ba29adea4d739d9831a94 balance 0x152d02c7e14af6800000 overwrited true
custom-geth-genesis-1  | address 043aed06383f290ee28fa02794ec7215ca099683 balance 0x152d02c7e14af6800000 overwrited true
custom-geth-genesis-1  | address 61e1da6c7b8b211e6e5dd921efe27e73ad226dac balance 0x152d02c7e14af6800000 overwrited true
custom-geth-genesis-1  | address b1b7c87e8a0bf2e7fd1a1c582bd353e4c4529341 balance 0x152d02c7e14af6800000 overwrited true
custom-geth-genesis-1  | address 2798ba84d7830c5f60d750f37f87d93277106905 balance 0x152d02c7e14af6800000 overwrited true
custom-geth-genesis-1  | address e2a09565167d4e3f826adec6bef82b97e0a4383f balance 0x152d02c7e14af6800000 overwrited true
custom-geth-genesis-1  | address 2af2c21dd70decf579064c02f66b8138bc47ebb2 balance 0x152d02c7e14af6800000 overwrited true
custom-geth-genesis-1  | address 673c638147fe91e4277646d86d5ae82f775eea5c balance 0x152d02c7e14af6800000 overwrited true
custom-geth-genesis-1  | address 3c1638a25ad7e8c2a84b53b661dd1bd048407e8f balance 0x152d02c7e14af6800000 overwrited true
custom-geth-genesis-1  | address 5cb6f3e6499d1f068b33351d0cae4b68cdf501bf balance 0x152d02c7e14af6800000 overwrited true
custom-geth-genesis-1  | address 0dc8b8ef8457b1e45ac277d65ac5987b547ba775 balance 0x152d02c7e14af6800000 overwrited true
custom-geth-genesis-1  | address e57bfe9f44b819898f47bf37e5af72a0783e1141 balance 0x152d02c7e14af6800000 overwrited true
custom-geth-genesis-1  | address f472086186382fca55cd182de196520abd76f69d balance 0x152d02c7e14af6800000 overwrited true
custom-geth-genesis-1  | address 598e94eb5e050045272d8417f6ab363bd874d568 balance 0x152d02c7e14af6800000 overwrited true
custom-geth-genesis-1  | address 093d49d617a10f26915553255ec3fee532d2c12f balance 0x152d02c7e14af6800000 overwrited true
custom-geth-genesis-1  | address 7a601ffa997cede6435aeabf4fa2091f09e149ec balance 0x152d02c7e14af6800000 overwrited true
custom-geth-genesis-1  | address a56160a359f2eaa66f5c9df5245542b07339a9a6 balance 0x152d02c7e14af6800000 overwrited true
custom-geth-genesis-1  | address 00f47c27f86b20e1bd18a0caff71b2ec5e23389a balance 0x152d02c7e14af6800000 overwrited true
custom-geth-genesis-1  | address 26a731e977cc6675fba0755c284b3cb9b7047b3b balance 0x152d02c7e14af6800000 overwrited true
custom-geth-genesis-1  | address 26a10a06d220bd8a1b97845e7d554e7e401eaa48 balance 0x152d02c7e14af6800000 overwrited true
custom-geth-genesis-1  | address afd46e3549cc63d7a240d6177d056857679e6f99 balance 0x152d02c7e14af6800000 overwrited true
custom-geth-genesis-1  | address 602d562b4ef2544f851587619b56f77a9d965d45 balance 0x152d02c7e14af6800000 overwrited true
custom-geth-genesis-1  | address b83b6241f966b1685c8b2ffce3956e21f35b4dcb balance 0x152d02c7e14af6800000 overwrited true
custom-geth-genesis-1  | address b0d744fde06bbcb6655eb55288ec94fa6a0b2a52 balance 0x152d02c7e14af6800000 overwrited true
custom-geth-genesis-1  | address ae3dffee97f92db0201d11cb8877c89738353bce balance 0x152d02c7e14af6800000 overwrited true
custom-geth-genesis-1  | address 69c1bc7883a7bb7696c7726d025867cd16564c9c balance 0x152d02c7e14af6800000 overwrited true
custom-geth-genesis-1  | address 8ee8813fb9d41cc58ef87d28b36e948b1234e71d balance 0x152d02c7e14af6800000 overwrited true
custom-geth-genesis-1  | address e5854075272ca5ef71663d5b87e0cd5ac53b2f36 balance 0x152d02c7e14af6800000 overwrited true
custom-geth-genesis-1  | address 681ce2f439fdc80e70c1eea8b8a085dfb976d32a balance 0x152d02c7e14af6800000 overwrited true
custom-geth-genesis-1  | address 872917cec8992487651ee633dba73bd3a9dca309 balance 0x152d02c7e14af6800000 overwrited true
custom-geth-genesis-1  | address 0b54a50c0409dab2e63c3566324268ed53ec019a balance 0x152d02c7e14af6800000 overwrited true
custom-geth-genesis-1  | address a8c8948fbacc197d233fd1b42055daaebe96937b balance 0x152d02c7e14af6800000 overwrited true
custom-geth-genesis-1  | address 5ae58d2bc5145bff0c1bec0f32bfc2d079bc66ed balance 0x152d02c7e14af6800000 overwrited true
custom-geth-genesis-1  | address 14a6e94f5c4f109d31ec0ff3cd002561b2525bcc balance 0x152d02c7e14af6800000 overwrited true
custom-geth-genesis-1  | address ba95e317ead06b55c8b70276fc63904b3339dfa1 balance 0x152d02c7e14af6800000 overwrited true
custom-geth-genesis-1  | address 2b1d751c392b788f8e7b07f0a70127ead881afd0 balance 0x152d02c7e14af6800000 overwrited true
custom-geth-genesis-1  | address 1326324f5a9fb193409e10006e4ea41b970df321 balance 0x152d02c7e14af6800000 overwrited true
custom-geth-genesis-1  | address a33c9d26e1e33b84247defca631c1d30ffc76f5d balance 0x152d02c7e14af6800000 overwrited true
custom-geth-genesis-1  | address 2853dc9ca40d012969e25360cce0d9d326b24a86 balance 0x152d02c7e14af6800000 overwrited true
custom-geth-genesis-1  | address 2a0d6b92b042497013e5549d6579202608ce0c80 balance 0x152d02c7e14af6800000 overwrited true
custom-geth-genesis-1  | address b0c249f6f92fb2491fc9750a5299d856ba2ea3c6 balance 0x152d02c7e14af6800000 overwrited true
custom-geth-genesis-1  | address 7fbdfba6b300a5f54a71c0a3d047ba8f21610e4a balance 0x152d02c7e14af6800000 overwrited true
custom-geth-genesis-1  | address 366c20b40048556e5682e360997537c3715aca0e balance 0x152d02c7e14af6800000 overwrited true
custom-geth-genesis-1  | address fbbc41289f834a76e4320ac238512035560467ee balance 0x152d02c7e14af6800000 overwrited true
custom-geth-genesis-1  | address 476c88ed464efd251a8b18eb84785f7c46807873 balance 0x152d02c7e14af6800000 overwrited true
custom-geth-genesis-1  | address a8ce5c40c4aa9278ddeaa418e775985549960e7a balance 0x152d02c7e14af6800000 overwrited true
custom-geth-genesis-1  | address 157bfbecd023fd6384dad2bded5dad7e27bf92e4 balance 0x152d02c7e14af6800000 overwrited true
custom-geth-genesis-1  | address ad3eaf2bf6361a1138cd301f65fa19be86e65f74 balance 0x152d02c7e14af6800000 overwrited true
custom-geth-genesis-1  | address 997cf669860a1dcc76344866534d8679a7b562e2 balance 0x152d02c7e14af6800000 overwrited true
custom-geth-genesis-1  | address 3cbbe7e09b229fae527a81cca9d880a48ed33145 balance 0x152d02c7e14af6800000 overwrited true
custom-geth-genesis-1  | address 2001f8cdcdeef1bbcc188ca59cf04fb44133d55a balance 0x152d02c7e14af6800000 overwrited true
custom-geth-genesis-1  | address 718811e2d1170db844d0c5de6d276b299f2916a9 balance 0x152d02c7e14af6800000 overwrited true
custom-geth-genesis-1  | address 7e9961fa09dd52f945f8143844785cf0e51bb4ce balance 0x152d02c7e14af6800000 overwrited true
custom-geth-genesis-1  | address 379ff6375f4a44f458683629ef05141d73fae55a balance 0x152d02c7e14af6800000 overwrited true
custom-geth-genesis-1  | address a72392cd4be285ab6681da1bf1c45f0b370cb7b4 balance 0x152d02c7e14af6800000 overwrited true
custom-geth-genesis-1  | address eb9afe072c781401bf364224c75a036e4d832f52 balance 0x152d02c7e14af6800000 overwrited true
custom-geth-genesis-1  | address 1734d9d6034707157326017b29237b913b9bad0f balance 0x152d02c7e14af6800000 overwrited true
custom-geth-genesis-1  | address 7bd2aa0726ac3b9e752b120de8568e90b0423ae4 balance 0x152d02c7e14af6800000 overwrited true
custom-geth-genesis-1  | address c0af3981f9c0dfcb8955fea07a3e4f23806fab51 balance 0x152d02c7e14af6800000 overwrited true
custom-geth-genesis-1  | address 1cd21f00b58894260f7abed65ad23dce3cea0226 balance 0x152d02c7e14af6800000 overwrited true
custom-geth-genesis-1  | address 58bab2f728dc4fc227a4c38cab2ec93b73b4e828 balance 0x152d02c7e14af6800000 overwrited true
custom-geth-genesis-1  | address da5cceaf028127e7ce75d841295170c0e7cb4113 balance 0x152d02c7e14af6800000 overwrited true
custom-geth-genesis-1  | address 161c2e10407e2a87959c0bae1f342c80eaea28f3 balance 0x152d02c7e14af6800000 overwrited true
custom-geth-genesis-1  | address 381c7a71035bdb42fb5d77523df2ff00d9f9df1b balance 0x152d02c7e14af6800000 overwrited true
custom-geth-genesis-1  | address 1e3f8fb9f840325983d6e5c68b6b846ff66a20ac balance 0x152d02c7e14af6800000 overwrited true
custom-geth-genesis-1  | address 636cc65783084b9f370789c90f733dbbeb88925d balance 0x152d02c7e14af6800000 overwrited true
custom-geth-genesis-1  | address 8041c9a96585053db2d7214b5de56828645b8e62 balance 0x152d02c7e14af6800000 overwrited true
custom-geth-genesis-1  | address db21655b672dacc8da6f538c899f9d6969604117 balance 0x152d02c7e14af6800000 overwrited true
custom-geth-genesis-1  | address 2acf0d6fdac920081a446868b2f09a8dac797448 balance 0x152d02c7e14af6800000 overwrited true
custom-geth-genesis-1  | address 18eb36d090eeadf82f3454a6da690fc398d3eba1 balance 0x152d02c7e14af6800000 overwrited true
custom-geth-genesis-1  | address 79196b90d1e952c5a43d4847caa08d50b967c34a balance 0x152d02c7e14af6800000 overwrited true
custom-geth-genesis-1  | address 1ac6f9601f2f616badcea8a0a307e1a3c14767a4 balance 0x152d02c7e14af6800000 overwrited true
custom-geth-genesis-1  | address 18df8ba2ef19083ddff68f8b33976cf22e8419c6 balance 0x152d02c7e14af6800000 overwrited true
custom-geth-genesis-1  | address a11308e3b741227d41973ddb17534ceb27b8206f balance 0x152d02c7e14af6800000 overwrited true
custom-geth-genesis-1  | address 7e5f4552091a69125d5dfcb7b8c2659029395bdf balance 0x152d02c7e14af6800000 overwrited true
custom-geth-genesis-1  | address 5ce162cfa6208d7c50a7cb3525ac126155e7bce4 balance 0x152d02c7e14af6800000 overwrited true
custom-geth-genesis-1  | address 256a11785fc43141324cf61efb5f491378c10c85 balance 0x152d02c7e14af6800000 overwrited true
custom-geth-genesis-1  | address 63a36aea8570219476ef835f09024acdedfee95a balance 0x152d02c7e14af6800000 overwrited true
custom-geth-genesis-1  | address 26324733d604abb6176cf18e4f4a0624ceeddc09 balance 0x152d02c7e14af6800000 overwrited true
custom-geth-genesis-1  | address f084bbaabee1a700a8faa404027db620a5aa0059 balance 0x152d02c7e14af6800000 overwrited true
custom-geth-genesis-1  | address 6c1a01c2ab554930a937b0a2e8105fb47946c679 balance 0x152d02c7e14af6800000 overwrited true
custom-geth-genesis-1  | address 64e582c17ab7c3b90e171795b504ca3c04108501 balance 0x152d02c7e14af6800000 overwrited true
custom-geth-genesis-1  | address eb0e56f32246d043228fac8b63a71687d5199af1 balance 0x152d02c7e14af6800000 overwrited true
custom-geth-genesis-1  | address 4f81e991f76276a17ca92a1321f37189b1727f77 balance 0x152d02c7e14af6800000 overwrited true
custom-geth-genesis-1  | address 556330e8d92912ccf133851ba03abd2db70da404 balance 0x152d02c7e14af6800000 overwrited true
custom-geth-genesis-1  | address 1eff47bc3a10a45d4b230b5d10e37751fe6aa718 balance 0x152d02c7e14af6800000 overwrited true
custom-geth-genesis-1  | address 11eb17b20113ae923d72e52870d40bf59a08b40d balance 0x152d02c7e14af6800000 overwrited true
custom-geth-genesis-1  | address 4161220db043a7d682e0ad123a3f8fea165711aa balance 0x152d02c7e14af6800000 overwrited true
custom-geth-genesis-1  | address 0001aebc06288f578eb01002a99e854ced86bc4f balance 0x64 overwrited true
custom-geth-genesis-1  | address 8735015837bd10e05d9cf5ea43a2486bf4be156f balance 0x152d02c7e14af6800000 overwrited true
custom-geth-genesis-1  | address a01cca6367a84304b6607b76676c66c360b74741 balance 0x152d02c7e14af6800000 overwrited true
custom-geth-genesis-1  | address 3797126345fb5fb6a37629db55ec692173cfb458 balance 0x152d02c7e14af6800000 overwrited true
custom-geth-genesis-1  | address db3ed822b78f0641623a12166607b5fa4df862ad balance 0x152d02c7e14af6800000 overwrited true
custom-geth-genesis-1  | address 127688bbc070dd69a4db8c3ba5d43909e13d8f77 balance 0x152d02c7e14af6800000 overwrited true
custom-geth-genesis-1  | address 5181be40152caaba8e123a55b7762755d4e8e416 balance 0x152d02c7e14af6800000 overwrited true
custom-geth-genesis-1  | address b88c19426f03c6981d1a4281c7414d842b97619a balance 0x152d02c7e14af6800000 overwrited true
custom-geth-genesis-1  | address 5044a80bd3eff58302e638018534bbda8896c48a balance 0x152d02c7e14af6800000 overwrited true
custom-geth-genesis-1  | address 6c23face014f20b3ebb65ae96d0d7ff32ab94c17 balance 0x152d02c7e14af6800000 overwrited true
custom-geth-genesis-1  | address cf484269182ac2388a4bfe6d19fb0687e3534b7f balance 0x152d02c7e14af6800000 overwrited true
custom-geth-genesis-1  | address 8530a26f6c062f55597bd30c1a44e248decb0027 balance 0x152d02c7e14af6800000 overwrited true
custom-geth-genesis-1  | address 3ad2a5a73385e48e476386accceeea79692abe2f balance 0x152d02c7e14af6800000 overwrited true
custom-geth-genesis-1  | address e69017fcc36bbc7fb167b9585bdd47a950ba1992 balance 0x152d02c7e14af6800000 overwrited true
custom-geth-genesis-1  | address 0c95931d95694b3ef74071241827c09f25d40620 balance 0x152d02c7e14af6800000 overwrited true
custom-geth-genesis-1  | address 811da72aca31e56f770fc33df0e45fd08720e157 balance 0x152d02c7e14af6800000 overwrited true
custom-geth-genesis-1  | address 7cfa9eee1d752da599211bc8a68d0687708dabfc balance 0x152d02c7e14af6800000 overwrited true
custom-geth-genesis-1  | address 6367283f25a32be0c28623d787c319e237c3b7bd balance 0x152d02c7e14af6800000 overwrited true
custom-geth-genesis-1  | address f2adb90aa27a3c61a95c50063b20919d811e1476 balance 0x152d02c7e14af6800000 overwrited true
custom-geth-genesis-1  | address e8c5025c803f3279d94ea55598e147f601929bf4 balance 0x152d02c7e14af6800000 overwrited true
custom-geth-genesis-1  | address 052b91ad9732d1bce0ddae15a4545e5c65d02443 balance 0x152d02c7e14af6800000 overwrited true
custom-geth-genesis-1  | address 25a71a07cecf1753ee65b00e0a3aaef7e0f51c0f balance 0x152d02c7e14af6800000 overwrited true
custom-geth-genesis-1  | address 07748403082b29a45abd6c124a37e6b14e6b1803 balance 0x152d02c7e14af6800000 overwrited true
custom-geth-genesis-1  | address c4ad60337b04fc721912531a52a5d77878293fb9 balance 0x152d02c7e14af6800000 overwrited true
custom-geth-genesis-1  | address a1a625ae13b80a9c48b7c0331c83bc4541ac137f balance 0x152d02c7e14af6800000 overwrited true
custom-geth-genesis-1  | address 31b2c2b62b3d95473726bb949182c06031a93490 balance 0x152d02c7e14af6800000 overwrited true
custom-geth-genesis-1  | address a5dfe354b3fc30c5c3a8ffefc8f9470d9177c334 balance 0x152d02c7e14af6800000 overwrited true
custom-geth-genesis-1  | address 702b1e972fe11b34148287785d76928f9a9c3a76 balance 0x152d02c7e14af6800000 overwrited true
custom-geth-genesis-1  | address 3f588a72d94d0d0986b112c671c2343320a19386 balance 0x152d02c7e14af6800000 overwrited true
custom-geth-genesis-1  | address c4ff1b4565ee203fa12636e100fe9c89cd18acb7 balance 0x152d02c7e14af6800000 overwrited true
custom-geth-genesis-1  | address a1ba6fc3ea0e89f0e79f89d9aa0081d010571e4a balance 0x152d02c7e14af6800000 overwrited true
custom-geth-genesis-1  | address e6869cc98283ab53e8a1a5312857ef0be9d189fe balance 0x152d02c7e14af6800000 overwrited true
custom-geth-genesis-1  | address e5549f429a72bfa618cf5c1afdac22a730df6a1a balance 0x152d02c7e14af6800000 overwrited true
custom-geth-genesis-1  | address 6813eb9362372eef6200f3b1dbc3f819671cba69 balance 0x152d02c7e14af6800000 overwrited true
custom-geth-genesis-1  | address 216faec139a61329ef8b31d982de427d9c007a9e balance 0x152d02c7e14af6800000 overwrited true
custom-geth-genesis-1  | address c39677f5f47d5fe65ab24e66750e8fca127c15be balance 0x152d02c7e14af6800000 overwrited true
custom-geth-genesis-1  | address ff844fdb49e00776ad538db9ea2f9fa98ec0caf7 balance 0x152d02c7e14af6800000 overwrited true
custom-geth-genesis-1  | address 883d01eae6eaac077e126ddb32cd53550966ed76 balance 0x152d02c7e14af6800000 overwrited true
custom-geth-genesis-1  | address 9e3cfc917e6b207a0653efaaba75ee572c0ff21b balance 0x152d02c7e14af6800000 overwrited true
custom-geth-genesis-1  | address 0b6fe046e6fd8d7a7a36d5ad1ffb82d2e3e5c3bb balance 0x152d02c7e14af6800000 overwrited true
custom-geth-genesis-1  | address 13c0e7c715fdea35c7f9663c719e4d36601275b9 balance 0x152d02c7e14af6800000 overwrited true
custom-geth-genesis-1  | address eec566c793a89f388bbabfc0225183a6a95c4263 balance 0x152d02c7e14af6800000 overwrited true
custom-geth-genesis-1  | address 6350872d7465864689def650443026f2f73a08da balance 0x152d02c7e14af6800000 overwrited true
custom-geth-genesis-1  | address d5cc10c45fc0f9f956acd7559f61edbfec9f6c3d balance 0x152d02c7e14af6800000 overwrited true
custom-geth-genesis-1  | address 3d67bc03e6e562079bfc96dd2bb52e6d7b78cafc balance 0x152d02c7e14af6800000 overwrited true
custom-geth-genesis-1  | address 0311afd3bc2ae250d5f9f2706bae2ef4164d6912 balance 0x152d02c7e14af6800000 overwrited true
custom-geth-genesis-1  | address 0e7b23cd1fdb7ea3ccc80320ab43843a2f193c36 balance 0x152d02c7e14af6800000 overwrited true
custom-geth-genesis-1  | address fae394561e33e242c551d15d4625309ea4c0b97f balance 0x152d02c7e14af6800000 overwrited true
custom-geth-genesis-1  | address 7dc0a40d64d72bb4590652b8f5c687bf7f26400c balance 0x152d02c7e14af6800000 overwrited true
custom-geth-genesis-1  | address ac32def421e36b43629f785fd04523260e7f2b28 balance 0x152d02c7e14af6800000 overwrited true
custom-geth-genesis-1  | address c6a210606f2ee6e64afb9584db054f3476a5cc66 balance 0x152d02c7e14af6800000 overwrited true
custom-geth-genesis-1  | address a2d47d2c42009520075cb15f5855052008d0c44d balance 0x152d02c7e14af6800000 overwrited true
custom-geth-genesis-1  | address b961768b578514debf079017ff78c47b0a6adbf6 balance 0x152d02c7e14af6800000 overwrited true
custom-geth-genesis-1  | address 2eedf8a799b73bc02e4664183eb72422c377153b balance 0x152d02c7e14af6800000 overwrited true
custom-geth-genesis-1  | address 37da28c050e3c0a1c0ac3be97913ec038783da4c balance 0x152d02c7e14af6800000 overwrited true
custom-geth-genesis-1  | address 25346934b4faa00dee0190c2069156bde6010c18 balance 0x152d02c7e14af6800000 overwrited true
custom-geth-genesis-1  | address ffceebc37a7351d5df9aa3b077ed39cc3b5192ff balance 0x152d02c7e14af6800000 overwrited true
custom-geth-genesis-1  | address 85e4e16bd367e4259537269633da9a6aa4cf95a3 balance 0x152d02c7e14af6800000 overwrited true
custom-geth-genesis-1  | address 32e04b012ac811c91d36a355a6d2859a0071a965 balance 0x152d02c7e14af6800000 overwrited true
custom-geth-genesis-1  | address 756be12856a8f44ab22fdbcbd42b70b843377d09 balance 0x152d02c7e14af6800000 overwrited true
custom-geth-genesis-1  | address 68efde0cdd917c6da6dab02c23f69e7c9cff51a9 balance 0x152d02c7e14af6800000 overwrited true
custom-geth-genesis-1  | address 2174ca3ee9ace7dd8c946c97054c72f2b384c4c2 balance 0x152d02c7e14af6800000 overwrited true
custom-geth-genesis-1  | address 252dae0a4b9d9b80f504f6418acd2d364c0c59cd balance 0x152d02c7e14af6800000 overwrited true
custom-geth-genesis-1  | address e1ab8145f7e55dc933d51a18c793f901a3a0b276 balance 0x152d02c7e14af6800000 overwrited true
custom-geth-genesis-1  | address ae3d43ab6fdcd35386db427099ff11aa670ee0f4 balance 0x152d02c7e14af6800000 overwrited true
custom-geth-genesis-1  | address 1dc728786e09f862e39be1f39dd218ee37feb68d balance 0x152d02c7e14af6800000 overwrited true
custom-geth-genesis-1  | address 5fe015779fb36006b01f9c5a5dbcaa6ffa56f0c0 balance 0x152d02c7e14af6800000 overwrited true
custom-geth-genesis-1  | address f1f6619b38a98d6de0800f1defc0a6399eb6d30c balance 0x152d02c7e14af6800000 overwrited true
custom-geth-genesis-1  | address 2b5ad5c4795c026514f8317c7a215e218dccd6cf balance 0x152d02c7e14af6800000 overwrited true
custom-geth-genesis-1  | address 90f022e3ca8453f5e5765cd3054003b544526eec balance 0x152d02c7e14af6800000 overwrited true
custom-geth-genesis-1  | address fa1205e19719c248323563bd55cd8bfd08b0cbc6 balance 0x152d02c7e14af6800000 overwrited true
custom-geth-genesis-1  | address 32e77de0d74a5c7af861aaed324c6a4c488142a8 balance 0x152d02c7e14af6800000 overwrited true
custom-geth-genesis-1  | address 2e58ad35cfa1b433389eed66202b853bbff79576 balance 0x152d02c7e14af6800000 overwrited true
custom-geth-genesis-1  | address 03b59646f5d5eae87652a9dffc26abb1e248d995 balance 0x152d02c7e14af6800000 overwrited true
custom-geth-genesis-1  | address 0a2035683fe5587b0b09db0e757306ad729fe6c1 balance 0x152d02c7e14af6800000 overwrited true
custom-geth-genesis-1  | address 9e3289708dc5709926a542fcf260fd4b210461f0 balance 0x152d02c7e14af6800000 overwrited true
custom-geth-genesis-1  | address e6b3367318c5e11a6eed3cd0d850ec06a02e9b90 balance 0x152d02c7e14af6800000 overwrited true
custom-geth-genesis-1  | address c2aa6271409c10dee630e79df90c968989ccf2b7 balance 0x152d02c7e14af6800000 overwrited true
custom-geth-genesis-1  | address 440db3ab842910d2a39f4e1be9e017c6823fb658 balance 0x152d02c7e14af6800000 overwrited true
custom-geth-genesis-1  | address 1d1f873ba1ddf7915e6e26f93f5624b40efaefe2 balance 0x152d02c7e14af6800000 overwrited true
custom-geth-genesis-1  | address a9f161a2badd44f3fe45b91a044a9484b72f1dc4 balance 0x152d02c7e14af6800000 overwrited true
custom-geth-genesis-1  | address c11b8c4b34d627a40da72b065d3b67002ee5ec9f balance 0x152d02c7e14af6800000 overwrited true
custom-geth-genesis-1  | address b0142d883494197b02c6ece84f571d81bd831124 balance 0x152d02c7e14af6800000 overwrited true
custom-geth-genesis-1  | address a92f4b5c4fddcc37e5139873ac28a4a0a42d68df balance 0x152d02c7e14af6800000 overwrited true
custom-geth-genesis-1  | address 1d694d5ad94f32132ff5c14c901d3ddbee90a550 balance 0x152d02c7e14af6800000 overwrited true
custom-geth-genesis-1  | address 42aba3530dd1ccb1dda27bfaa7c6a832cfdb4446 balance 0x152d02c7e14af6800000 overwrited true
custom-geth-genesis-1  | address 5a83529ff76ac5723a87008c4d9b436ad4ca7d28 balance 0x152d02c7e14af6800000 overwrited true
custom-geth-genesis-1  | address 7231c364597f3bfdb72cf52b197cc59111e71794 balance 0x152d02c7e14af6800000 overwrited true
custom-geth-genesis-1  | address 848406919d014b1e5c27a82f951caff840fd63ef balance 0x152d02c7e14af6800000 overwrited true
custom-geth-genesis-1  | address f7edc8fa1ecc32967f827c9043fcae6ba73afa5c balance 0x152d02c7e14af6800000 overwrited true
custom-geth-genesis-1  | address 24d881139ee639c2a774b4b1851cb7a9d0fce122 balance 0x152d02c7e14af6800000 overwrited true
custom-geth-genesis-1  | address 254d2bce17cfea551cb3d8dc476fae854af0d2e5 balance 0x152d02c7e14af6800000 overwrited true
custom-geth-genesis-1  | address e0dd44773f7657b11019062879d65f3d9862460c balance 0x152d02c7e14af6800000 overwrited true
custom-geth-genesis-1  | address a24c85b16a440587793f82e358fa6b204468735b balance 0x152d02c7e14af6800000 overwrited true
custom-geth-genesis-1  | address 45cdbeea730d8212f451a6a8d0eb5998b04cccca balance 0x152d02c7e14af6800000 overwrited true
custom-geth-genesis-1  | address 36eab6ce7fededc098ef98c41e83548a89147131 balance 0x152d02c7e14af6800000 overwrited true
custom-geth-genesis-1  | address 444ca66b3ceb4187840cb1a205566a1413d5fecb balance 0x152d02c7e14af6800000 overwrited true
custom-geth-genesis-1  | address a4f8c598927eab2f1898f8f2d6f8121578de2344 balance 0x152d02c7e14af6800000 overwrited true
custom-geth-genesis-1  | address 57ef22b9b9c791850fe16b9fcb79407acd151478 balance 0x152d02c7e14af6800000 overwrited true
custom-geth-genesis-1  | address 6f4c950442e1af093bcff730381e63ae9171b87a balance 0x152d02c7e14af6800000 overwrited true
custom-geth-genesis-1  | address d6b931d8d441b1ec98f55f8ec8adb532dc140c78 balance 0x152d02c7e14af6800000 overwrited true
custom-geth-genesis-1  | address 94731ccd972053ef09add89e93eec803fc5fbc65 balance 0x152d02c7e14af6800000 overwrited true
custom-geth-genesis-1  | address 754164c0cb85dda1b5b18e5b62adbb4d60c3efbf balance 0x152d02c7e14af6800000 overwrited true
custom-geth-genesis-1  | address 4cceba2d7d2b4fdce4304d3e09a1fea9fbeb1528 balance 0x152d02c7e14af6800000 overwrited true
custom-geth-genesis-1  | address 691cb1645a4f21d879973b3a3b98a714fc1970d6 balance 0x152d02c7e14af6800000 overwrited true
custom-geth-genesis-1  | address d8e8ea89d71de89214fa39ba13ba9fcddc0d9467 balance 0x152d02c7e14af6800000 overwrited true
custom-geth-genesis-1  | address fc32402667182d11b29fab5c5e323e80483e7800 balance 0x152d02c7e14af6800000 overwrited true
custom-geth-genesis-1  | address 2b29bea668b044b2b355c370f85b729bcb43ec40 balance 0x152d02c7e14af6800000 overwrited true
custom-geth-genesis-1  | address 4d1bf28514a4451249908e611366ec967c3d1558 balance 0x152d02c7e14af6800000 overwrited true
custom-geth-genesis-1  | address 9358a525cc25aa571af0bcb5b98fbeab045a5e36 balance 0x152d02c7e14af6800000 overwrited true
custom-geth-genesis-1  | address d41c057fd1c78805aac12b0a94a405c0461a6fbb balance 0x152d02c7e14af6800000 overwrited true
custom-geth-genesis-1  | address 28b6e15f86025b8ea8beaa6855a81069bfb6ab1e balance 0x152d02c7e14af6800000 overwrited true
custom-geth-genesis-1  | address 4a7a7c2e09209dbe44a582cd92b0edd7129e74be balance 0x152d02c7e14af6800000 overwrited true
custom-geth-genesis-1  | address d2431ca38735c2fd438e2caa23f094191d89675b balance 0x152d02c7e14af6800000 overwrited true
custom-geth-genesis-1  | address 87fcbe64187317c59a944be5b9c5c830b9373730 balance 0x152d02c7e14af6800000 overwrited true
custom-geth-genesis-1  | address eb3025e7ac2764040384316b33476e048961a71f balance 0x152d02c7e14af6800000 overwrited true
custom-geth-genesis-1  | address 84b743441b7bdf65cb4293126db4c1b709d7d95e balance 0x152d02c7e14af6800000 overwrited true
custom-geth-genesis-1  | address 4148555ea4c00e14f81ef399bbe67ef2fd9811b1 balance 0x152d02c7e14af6800000 overwrited true
custom-geth-genesis-1  | address b33609811fb3d9fc8955dc6e9e086f1f08fc3a65 balance 0x152d02c7e14af6800000 overwrited true
custom-geth-genesis-1  | address fdb4750b55b1c21e632f140921b9753a26446e20 balance 0x152d02c7e14af6800000 overwrited true
custom-geth-genesis-1  | address 4dbaf6c348d8cd1f174a7a6155f80ea8d4a8baf8 balance 0x152d02c7e14af6800000 overwrited true
custom-geth-genesis-1  | address 158cc083cfbcffb2f983a3aa8b027eb0711c9831 balance 0x152d02c7e14af6800000 overwrited true
custom-geth-genesis-1  | address aca3b09284a9914defe41bfe7f880c7ba2a17c61 balance 0x152d02c7e14af6800000 overwrited true
custom-geth-genesis-1  | address 9efc4e49be8ff70d596ac20efec9b7842e1ea963 balance 0x152d02c7e14af6800000 overwrited true
custom-geth-genesis-1  | address f4e2b0fcbd0dc4b326d8a52b718a7bb43bdbd072 balance 0x152d02c7e14af6800000 overwrited true
custom-geth-genesis-1  | address 5144cf3dd12b045caf7b45569b3ebe5b4b52f92e balance 0x152d02c7e14af6800000 overwrited true
custom-geth-genesis-1  | address 00edf2d16afbc028fb1e879559b07997af79539f balance 0x152d02c7e14af6800000 overwrited true
custom-geth-genesis-1  | address 5304fb08724d73f2bb5e04c582407c33cde6c8d3 balance 0x152d02c7e14af6800000 overwrited true
custom-geth-genesis-1  | address 802271c02f76701929e1ea772e72783d28e4b60f balance 0x152d02c7e14af6800000 overwrited true
custom-geth-genesis-1  | address 9eebd60923ac273d8dfc308873fd64bb26b928ae balance 0x152d02c7e14af6800000 overwrited true
[Kcustom-geth-genesis-1 exited with code 0
create-beacon-chain-genesis-1  | time="2025-12-09T08:34:32Z" level=info msg="Specified a chain config file: /config/config.yml" prefix=genesis
create-beacon-chain-genesis-1  | time="2025-12-09T08:34:32Z" level=info msg="No genesis time specified, defaulting to now()" prefix=genesis
create-beacon-chain-genesis-1  | time="2025-12-09T08:34:32Z" level=info msg="Delaying genesis 1765269272 by 10 seconds" prefix=genesis
create-beacon-chain-genesis-1  | time="2025-12-09T08:34:32Z" level=info msg="Genesis is now 1765269282" prefix=genesis
create-beacon-chain-genesis-1  | time="2025-12-09T08:34:32Z" level=info msg="Setting fork geth times" cancun=1765269282 prague=1765269282 prefix=genesis shanghai=1765269282
create-beacon-chain-genesis-1  | time="2025-12-09T08:34:32Z" level=info msg="Done writing genesis state to /prysm/genesis.ssz" prefix=genesis
create-beacon-chain-genesis-1  | time="2025-12-09T08:34:32Z" level=info msg="Command completed" prefix=genesis
[Kcreate-beacon-chain-genesis-1 exited with code 0
init-geth-genesis-1            | INFO [12-09|08:34:33.267] Maximum peer count                       ETH=50 total=50
init-geth-genesis-2-1          | INFO [12-09|08:34:33.270] Maximum peer count                       ETH=50 total=50
init-geth-genesis-1            | INFO [12-09|08:34:33.270] Smartcard socket not found, disabling    err="stat /run/pcscd/pcscd.comm: no such file or directory"
init-geth-genesis-3-1          | INFO [12-09|08:34:33.271] Maximum peer count                       ETH=50 total=50
init-geth-genesis-2-1          | INFO [12-09|08:34:33.272] Smartcard socket not found, disabling    err="stat /run/pcscd/pcscd.comm: no such file or directory"
init-geth-genesis-3-1          | INFO [12-09|08:34:33.272] Smartcard socket not found, disabling    err="stat /run/pcscd/pcscd.comm: no such file or directory"
init-geth-genesis-3-1          | INFO [12-09|08:34:33.278] Set global gas cap                       cap=50,000,000
init-geth-genesis-1            | INFO [12-09|08:34:33.277] Set global gas cap                       cap=50,000,000
init-geth-genesis-1            | INFO [12-09|08:34:33.277] Initializing the KZG library             backend=gokzg
init-geth-genesis-2-1          | INFO [12-09|08:34:33.277] Set global gas cap                       cap=50,000,000
init-geth-genesis-2-1          | INFO [12-09|08:34:33.279] Initializing the KZG library             backend=gokzg
init-geth-genesis-3-1          | INFO [12-09|08:34:33.281] Initializing the KZG library             backend=gokzg
init-geth-genesis-3-1          | INFO [12-09|08:34:33.281] Defaulting to pebble as the backing database
init-geth-genesis-3-1          | INFO [12-09|08:34:33.281] Allocated cache and file handles         database=/geth/geth/chaindata cache=512.00MiB handles=524,288
init-geth-genesis-1            | INFO [12-09|08:34:33.282] Defaulting to pebble as the backing database
init-geth-genesis-1            | INFO [12-09|08:34:33.282] Allocated cache and file handles         database=/geth/geth/chaindata cache=512.00MiB handles=524,288
init-geth-genesis-2-1          | INFO [12-09|08:34:33.281] Defaulting to pebble as the backing database
init-geth-genesis-2-1          | INFO [12-09|08:34:33.281] Allocated cache and file handles         database=/geth/geth/chaindata cache=512.00MiB handles=524,288
init-geth-genesis-3-1          | INFO [12-09|08:34:33.432] Opened ancient database                  database=/geth/geth/chaindata/ancient/chain readonly=false
init-geth-genesis-3-1          | INFO [12-09|08:34:33.432] Opened Era store                         datadir=/geth/geth/chaindata/ancient/chain/era
init-geth-genesis-3-1          | INFO [12-09|08:34:33.432] State scheme set by user                 scheme=hash
init-geth-genesis-3-1          | INFO [12-09|08:34:33.432] Writing custom genesis block
init-geth-genesis-3-1          | WARN [12-09|08:34:33.432] Head block is not reachable
init-geth-genesis-3-1          | INFO [12-09|08:34:33.440] Persisted trie from memory database      nodes=432 size=64.67KiB time="552.041µs" gcnodes=0 gcsize=0.00B gctime=0s livenodes=0 livesize=0.00B
init-geth-genesis-3-1          | INFO [12-09|08:34:33.454] Successfully wrote genesis state         database=chaindata                          hash=5fce30..da0a57
init-geth-genesis-2-1          | INFO [12-09|08:34:33.454] Opened ancient database                  database=/geth/geth/chaindata/ancient/chain readonly=false
init-geth-genesis-2-1          | INFO [12-09|08:34:33.454] Opened Era store                         datadir=/geth/geth/chaindata/ancient/chain/era
init-geth-genesis-2-1          | INFO [12-09|08:34:33.454] State scheme set by user                 scheme=hash
init-geth-genesis-2-1          | INFO [12-09|08:34:33.455] Writing custom genesis block
init-geth-genesis-2-1          | WARN [12-09|08:34:33.455] Head block is not reachable
init-geth-genesis-2-1          | INFO [12-09|08:34:33.459] Persisted trie from memory database      nodes=432 size=64.67KiB time="299µs" gcnodes=0 gcsize=0.00B gctime=0s livenodes=0 livesize=0.00B
init-geth-genesis-2-1          | INFO [12-09|08:34:33.516] Successfully wrote genesis state         database=chaindata                          hash=5fce30..da0a57
init-geth-genesis-1            | INFO [12-09|08:34:33.534] Opened ancient database                  database=/geth/geth/chaindata/ancient/chain readonly=false
init-geth-genesis-1            | INFO [12-09|08:34:33.534] Opened Era store                         datadir=/geth/geth/chaindata/ancient/chain/era
init-geth-genesis-1            | INFO [12-09|08:34:33.534] State scheme set by user                 scheme=hash
init-geth-genesis-1            | INFO [12-09|08:34:33.534] Writing custom genesis block
init-geth-genesis-1            | WARN [12-09|08:34:33.535] Head block is not reachable
init-geth-genesis-1            | INFO [12-09|08:34:33.538] Persisted trie from memory database      nodes=432 size=64.67KiB time="308.583µs" gcnodes=0 gcsize=0.00B gctime=0s livenodes=0 livesize=0.00B
init-geth-genesis-1            | INFO [12-09|08:34:33.559] Successfully wrote genesis state         database=chaindata                          hash=5fce30..da0a57
[Kinit-geth-genesis-2-1 exited with code 0
[Kinit-geth-genesis-3-1 exited with code 0
[Kinit-geth-genesis-1 exited with code 0
 Container devnet-genesis-init-geth-genesis-2-1  Stopping
 Container devnet-genesis-init-geth-genesis-1  Stopping
 Container devnet-genesis-init-geth-genesis-3-1  Stopping
 Container devnet-genesis-init-geth-genesis-2-1  Stopped
 Container devnet-genesis-init-geth-genesis-2-1  Removing
 Container devnet-genesis-init-geth-genesis-1  Stopped
 Container devnet-genesis-init-geth-genesis-1  Removing
 Container devnet-genesis-init-geth-genesis-3-1  Stopped
 Container devnet-genesis-init-geth-genesis-3-1  Removing
 Container devnet-genesis-init-geth-genesis-2-1  Removed
 Container devnet-genesis-init-geth-genesis-3-1  Removed
 Container devnet-genesis-init-geth-genesis-1  Removed
 Container devnet-genesis-create-beacon-chain-genesis-1  Stopping
 Container devnet-genesis-create-beacon-chain-genesis-1  Stopped
 Container devnet-genesis-create-beacon-chain-genesis-1  Removing
 Container devnet-genesis-create-beacon-chain-genesis-1  Removed
 Container devnet-genesis-custom-geth-genesis-1  Stopping
 Container devnet-genesis-custom-geth-genesis-1  Stopped
 Container devnet-genesis-custom-geth-genesis-1  Removing
 Container devnet-genesis-custom-geth-genesis-1  Removed
 Network devnet-genesis_default  Removing
 Network devnet-genesis_default  Removed
/Library/Developer/CommandLineTools/usr/bin/make start
docker compose --env-file .env -f docker-compose-set1.yml up -d geth prysm
time="2025-12-09T17:34:34+09:00" level=warning msg="The \"PRYSM_PEERS_1\" variable is not set. Defaulting to a blank string."
 Network devnet_default  Creating
 Network devnet_default  Created
 Container geth-1  Creating
 Container geth-1  Created
 Container prysm-1  Creating
 Container prysm-1  Created
 Container geth-1  Starting
 Container geth-1  Started
 Container geth-1  Waiting
 Container geth-1  Healthy
 Container prysm-1  Starting
 Container prysm-1  Started
node ./scripts/bootstrap-enode.mjs
time="2025-12-09T17:34:40+09:00" level=warning msg="The \"PRYSM_BOOTSTRAP_ENR\" variable is not set. Defaulting to a blank string."
time="2025-12-09T17:34:40+09:00" level=warning msg="The \"PRYSM_BOOTSTRAP_ENR\" variable is not set. Defaulting to a blank string."
time="2025-12-09T17:34:40+09:00" level=warning msg="The \"PRYSM_BOOTSTRAP_ENR\" variable is not set. Defaulting to a blank string."
time="2025-12-09T17:34:40+09:00" level=warning msg="The \"PRYSM_BOOTSTRAP_ENR\" variable is not set. Defaulting to a blank string."
Wrote EL_BOOTNODE to .env: enode://4f77fb7d3e01bd5737792d3d894f752be3cc0e5ae280c8e9ca4f90ebef991647e975067baaeeb4fcea73f721979e6e3ff2c0960dfc7be0a15eb5c0b162fdcc83@172.20.0.2:30303
node ./scripts/bootstrap-enr.mjs || true
time="2025-12-09T17:34:42+09:00" level=warning msg="The \"PRYSM_BOOTSTRAP_ENR\" variable is not set. Defaulting to a blank string."
time="2025-12-09T17:34:42+09:00" level=warning msg="The \"PRYSM_BOOTSTRAP_ENR\" variable is not set. Defaulting to a blank string."
bootstrap-enr: found ip=172.20.0.3
bootstrap-enr: patched enr=enr:-Mq4QEXD8M0OI3sL-fpvXYwtswWtbD2BeM7kNpftvrDrEVVpSNtJDYnKYd-wdBJ8iP19humTa9trTHHSkrmGWZoe-ImGAZsCP542h2F0dG5ldHOIAAAYAAAAAACEZXRoMpBkmwkeIAAAlP__________gmlkgnY0gmlwhKwUAAOEcXVpY4IyyIlzZWNwMjU2azGhA_57FfWK2pwYMOE6oiiSnA6OUS31-E1t7Bx17Lpo6Qq7iHN5bmNuZXRzAIN0Y3CCMsiDdWRwgi7g
bootstrap-enr: using multiaddr=/dns4/prysm/tcp/13000/p2p/16Uiu2HAmVnNmEpXHDmxVcvDULyufdwJY3wXsBj1PYFQ4ozrVq5za
Wrote PRYSM_BOOTSTRAP_ENR to .env: /dns4/prysm/tcp/13000/p2p/16Uiu2HAmVnNmEpXHDmxVcvDULyufdwJY3wXsBj1PYFQ4ozrVq5za
Wrote PRYSM_BOOTSTRAP_ENR and PRYSM_PEERS_* to .env
DEBUG: PRYSM_BOOTSTRAP_ENR in .env after bootstrap-enr:
PRYSM_BOOTSTRAP_ENR=/dns4/prysm/tcp/13000/p2p/16Uiu2HAmVnNmEpXHDmxVcvDULyufdwJY3wXsBj1PYFQ4ozrVq5za
DEBUG: Environment variables:
No PRYSM env vars
docker compose --env-file .env -f docker-compose-set2.yml up -d --force-recreate geth-2 prysm-2
time="2025-12-09T17:34:42+09:00" level=warning msg="Found orphan containers ([prysm-1 geth-1]) for this project. If you removed or renamed this service in your compose file, you can run this command with the --remove-orphans flag to clean it up."
 Container geth-2  Creating
 Container geth-2  Created
 Container prysm-2  Creating
 Container prysm-2  Created
 Container geth-2  Starting
 Container geth-2  Started
 Container geth-2  Waiting
 Container geth-2  Healthy
 Container prysm-2  Starting
 Container prysm-2  Started
docker compose --env-file .env -f docker-compose-set3.yml up -d --force-recreate geth-3 prysm-3
time="2025-12-09T17:34:48+09:00" level=warning msg="Found orphan containers ([prysm-2 geth-2 prysm-1 geth-1]) for this project. If you removed or renamed this service in your compose file, you can run this command with the --remove-orphans flag to clean it up."
 Container geth-3  Creating
 Container geth-3  Created
 Container prysm-3  Creating
 Container prysm-3  Created
 Container geth-3  Starting
 Container geth-3  Started
 Container geth-3  Waiting
 Container geth-3  Healthy
 Container prysm-3  Starting
 Container prysm-3  Started
node ./scripts/bootstrap-enode-all.mjs || true
bootstrap-enode-all: updated .env and static-nodes.json for EL
node ./scripts/bootstrap-enr-all.mjs || true
bootstrap-enr-all: prysm enrList is not defined
bootstrap-enr-all: prysm-2 enrList is not defined
bootstrap-enr-all: prysm-3 enrList is not defined
bootstrap-enr-all: wrote PRYSM_PEERS_1 with 2 peers
bootstrap-enr-all: wrote PRYSM_PEERS_2 with 2 peers
bootstrap-enr-all: wrote PRYSM_PEERS_3 with 2 peers
ReferenceError: enrList is not defined
    at main (file:///Users/tozawa/eth-pos-devnet/scripts/bootstrap-enr-all.mjs:98:3)
    at process.processTicksAndRejections (node:internal/process/task_queues:105:5)
# Wait for EL and CL readiness
node ./scripts/wait-el-ready.mjs
Waiting for EL at http://127.0.0.1:8545 to be ready (chainId reachable and not syncing/indexing) (timeout 600s)
EL ready: engine reachable and indexing done (or not syncing)
BEACON_URLS="http://127.0.0.1:3500,http://127.0.0.1:3502,http://127.0.0.1:3503" node ./scripts/wait-cl-ready.mjs
Waiting for CL (Prysm) to exit optimistic mode at http://127.0.0.1:3500, http://127.0.0.1:3502, http://127.0.0.1:3503 (timeout 600s)
CL ready @ http://127.0.0.1:3500: optimistic=false, syncing=false, head_slot=0
CL ready @ http://127.0.0.1:3502: optimistic=false, syncing=false, head_slot=0
CL ready @ http://127.0.0.1:3503: optimistic=false, syncing=false, head_slot=0
# Seed Engine API forkchoice at genesis on all ELs
docker run --rm \
	  --network devnet_default \
	  -v $(pwd)/data:/data:ro \
	  -v $(pwd)/scripts:/scripts:ro \
	  -e SECONDS_PER_SLOT=${SECONDS_PER_SLOT:-2} \
	  node:22-alpine node /scripts/engine-seed.mjs
engine-seed: seeding forkchoice on execution clients
engine-seed: geth exchangeCapabilities failed: engine_exchangeCapabilities error: missing value for required argument 0
engine-seed: geth engine_forkchoiceUpdatedV3 status= VALID
engine-seed: geth-2 exchangeCapabilities failed: engine_exchangeCapabilities error: missing value for required argument 0
engine-seed: geth-2 engine_forkchoiceUpdatedV3 status= VALID
engine-seed: geth-3 exchangeCapabilities failed: engine_exchangeCapabilities error: missing value for required argument 0
engine-seed: geth-3 engine_forkchoiceUpdatedV3 status= VALID
# Multi-bootstrap refresh after peers are up
/Library/Developer/CommandLineTools/usr/bin/make bootstrap-all || true
node ./scripts/bootstrap-enode-all.mjs
bootstrap-enode-all: updated .env and static-nodes.json for EL
node ./scripts/bootstrap-enr-all.mjs
bootstrap-enr-all: prysm enrList is not defined
bootstrap-enr-all: prysm-2 enrList is not defined
bootstrap-enr-all: prysm-3 enrList is not defined
bootstrap-enr-all: wrote PRYSM_PEERS_1 with 2 peers
bootstrap-enr-all: wrote PRYSM_PEERS_2 with 2 peers
bootstrap-enr-all: wrote PRYSM_PEERS_3 with 2 peers
ReferenceError: enrList is not defined
    at main (file:///Users/tozawa/eth-pos-devnet/scripts/bootstrap-enr-all.mjs:98:3)
    at process.processTicksAndRejections (node:internal/process/task_queues:105:5)
make[1]: *** [bootstrap-all] Error 1
# Start validators and wait for EL head to advance
/Library/Developer/CommandLineTools/usr/bin/make start-validators
docker compose -f docker-compose-set1.yml up -d validator
time="2025-12-09T17:35:01+09:00" level=warning msg="Found orphan containers ([prysm-3 geth-3 prysm-2 geth-2]) for this project. If you removed or renamed this service in your compose file, you can run this command with the --remove-orphans flag to clean it up."
 Container geth-1  Running
 Container prysm-1  Recreate
 Container prysm-1  Recreated
 Container validator-1  Creating
 Container validator-1  Created
 Container geth-1  Waiting
 Container geth-1  Healthy
 Container prysm-1  Starting
 Container prysm-1  Started
 Container validator-1  Starting
 Container validator-1  Started
docker compose -f docker-compose-set2.yml up -d validator-2
time="2025-12-09T17:35:03+09:00" level=warning msg="Found orphan containers ([validator-1 prysm-1 prysm-3 geth-3 geth-1]) for this project. If you removed or renamed this service in your compose file, you can run this command with the --remove-orphans flag to clean it up."
 Container geth-2  Recreate
 Container geth-2  Recreated
 Container prysm-2  Recreate
 Container prysm-2  Recreated
 Container validator-2  Creating
 Container validator-2  Created
 Container geth-2  Starting
 Container geth-2  Started
 Container geth-2  Waiting
 Container geth-2  Healthy
 Container prysm-2  Starting
 Container prysm-2  Started
 Container validator-2  Starting
 Container validator-2  Started
docker compose -f docker-compose-set3.yml up -d validator-3
time="2025-12-09T17:35:10+09:00" level=warning msg="Found orphan containers ([validator-2 prysm-2 geth-2 validator-1 prysm-1 geth-1]) for this project. If you removed or renamed this service in your compose file, you can run this command with the --remove-orphans flag to clean it up."
 Container geth-3  Recreate
 Container geth-3  Recreated
 Container prysm-3  Recreate
 Container prysm-3  Recreated
 Container validator-3  Creating
 Container validator-3  Created
 Container geth-3  Starting
 Container geth-3  Started
 Container geth-3  Waiting
 Container geth-3  Healthy
 Container prysm-3  Starting
 Container prysm-3  Started
 Container validator-3  Starting
 Container validator-3  Started
RPC_URLS="http://127.0.0.1:8545,http://127.0.0.1:8547,http://127.0.0.1:8548" node ./scripts/wait-el-head.mjs
Waiting for EL head to advance (>0) on any endpoint (timeout 300s)
EL head ready on http://127.0.0.1:8545: blockNumber=2
# Sanity TX and health summary
npm --prefix ./scripts ci || npm --prefix ./scripts i

added 9 packages, and audited 10 packages in 797ms

3 packages are looking for funding
  run `npm fund` for details

found 0 vulnerabilities
node ./scripts/send-tx.mjs
rpc: http://127.0.0.1:8545
from: 0xf39Fd6e51aad88F6F4ce6aB8827279cffFb92266
to: 0x0000000000000000000000000000000000000001
balance: 340282366920938463463374607431768211446
tx hash: 0x1f35d3d52f454bb564de3b664791719fbaeef1b2ed5103ca1036e8752cb98c90
receipt status: 1
block: 3
HEALTH_MAX_WAIT_SEC=${HEALTH_MAX_WAIT_SEC:-120} node ./scripts/check-health.mjs || true
✅ 全ノード正常: Beacon slots[127.0.0.1:3500:slot=20, 127.0.0.1:3502:slot=25, 127.0.0.1:3503:slot=25] EL heads[127.0.0.1:8545:block=3, 127.0.0.1:8547:block=3, 127.0.0.1:8548:block=3]
